<log>
 <error level="warning" id="warn_doc_tparam_not_found" file="C:\Users\Thaon\documents\visual studio 2015\Projects\Ferret\Ferret\include\glm/detail/func_geometric.hpp" line="69" col="14" msg="template parameter &apos;genType&apos; not found in the template declaration" />
 <error level="warning" id="warn_doc_tparam_not_found" file="C:\Users\Thaon\documents\visual studio 2015\Projects\Ferret\Ferret\include\glm/detail/func_geometric.hpp" line="91" col="14" msg="template parameter &apos;valType&apos; not found in the template declaration" />
 <error level="warning" id="warn_doc_tparam_not_found" file="C:\Users\Thaon\documents\visual studio 2015\Projects\Ferret\Ferret\include\glm/detail/func_geometric.hpp" line="136" col="14" msg="template parameter &apos;genType&apos; not found in the template declaration" />
 <error level="warning" id="warn_doc_tparam_not_found" file="C:\Users\Thaon\documents\visual studio 2015\Projects\Ferret\Ferret\include\glm/detail/func_matrix.hpp" line="136" col="14" msg="template parameter &apos;matType&apos; not found in the template declaration" />
 <error level="warning" id="warn_doc_tparam_not_found" file="C:\Users\Thaon\documents\visual studio 2015\Projects\Ferret\Ferret\include\glm/detail/func_matrix.hpp" line="158" col="14" msg="template parameter &apos;valType&apos; not found in the template declaration" />
 <error level="warning" id="warn_doc_tparam_not_found" file="C:\Users\Thaon\documents\visual studio 2015\Projects\Ferret\Ferret\include\glm/detail/func_matrix.hpp" line="167" col="14" msg="template parameter &apos;valType&apos; not found in the template declaration" />
 <error level="warning" id="warn_doc_param_not_found" file="C:\Users\Thaon\documents\visual studio 2015\Projects\Ferret\Ferret\include\glm\gtc\matrix_transform.hpp" line="163" col="13" msg="parameter &apos;near&apos; not found in the function declaration" />
 <error level="warning" id="warn_doc_param_not_found" file="C:\Users\Thaon\documents\visual studio 2015\Projects\Ferret\Ferret\include\glm\gtc\matrix_transform.hpp" line="164" col="13" msg="parameter &apos;far&apos; not found in the function declaration" />
 <error level="warning" id="warn_doc_param_not_found" file="C:\Users\Thaon\documents\visual studio 2015\Projects\Ferret\Ferret\include\glm\gtc\matrix_transform.hpp" line="180" col="13" msg="parameter &apos;near&apos; not found in the function declaration" />
 <error level="warning" id="warn_doc_param_not_found" file="C:\Users\Thaon\documents\visual studio 2015\Projects\Ferret\Ferret\include\glm\gtc\matrix_transform.hpp" line="181" col="13" msg="parameter &apos;far&apos; not found in the function declaration" />
 <error level="warning" id="warn_doc_param_not_found" file="C:\Users\Thaon\documents\visual studio 2015\Projects\Ferret\Ferret\include\glm\gtc\matrix_transform.hpp" line="196" col="13" msg="parameter &apos;near&apos; not found in the function declaration" />
 <error level="warning" id="warn_doc_param_not_found" file="C:\Users\Thaon\documents\visual studio 2015\Projects\Ferret\Ferret\include\glm\gtc\matrix_transform.hpp" line="197" col="13" msg="parameter &apos;far&apos; not found in the function declaration" />
 <error level="warning" id="warn_doc_param_not_found" file="C:\Users\Thaon\documents\visual studio 2015\Projects\Ferret\Ferret\include\glm\gtc\matrix_transform.hpp" line="212" col="13" msg="parameter &apos;near&apos; not found in the function declaration" />
 <error level="warning" id="warn_doc_param_not_found" file="C:\Users\Thaon\documents\visual studio 2015\Projects\Ferret\Ferret\include\glm\gtc\matrix_transform.hpp" line="223" col="13" msg="parameter &apos;near&apos; not found in the function declaration" />
 <error level="warning" id="warn_doc_tparam_not_found" file="C:\Users\Thaon\documents\visual studio 2015\Projects\Ferret\Ferret\include\glm\gtc\quaternion.hpp" line="345" col="14" msg="template parameter &apos;quatType&apos; not found in the template declaration" />
 <error level="warning" id="warn_doc_tparam_not_found" file="C:\Users\Thaon\documents\visual studio 2015\Projects\Ferret\Ferret\include\glm\gtc\quaternion.hpp" line="355" col="14" msg="template parameter &apos;quatType&apos; not found in the template declaration" />
 <error level="warning" id="warn_doc_tparam_not_found" file="C:\Users\Thaon\documents\visual studio 2015\Projects\Ferret\Ferret\include\glm\gtc\quaternion.hpp" line="365" col="14" msg="template parameter &apos;quatType&apos; not found in the template declaration" />
 <error level="warning" id="warn_doc_tparam_not_found" file="C:\Users\Thaon\documents\visual studio 2015\Projects\Ferret\Ferret\include\glm\gtc\quaternion.hpp" line="375" col="14" msg="template parameter &apos;quatType&apos; not found in the template declaration" />
 <error level="warning" id="warn_doc_tparam_not_found" file="C:\Users\Thaon\documents\visual studio 2015\Projects\Ferret\Ferret\include\glm\gtc\quaternion.hpp" line="385" col="14" msg="template parameter &apos;quatType&apos; not found in the template declaration" />
 <error level="warning" id="warn_doc_tparam_not_found" file="C:\Users\Thaon\documents\visual studio 2015\Projects\Ferret\Ferret\include\glm\gtc\quaternion.hpp" line="395" col="14" msg="template parameter &apos;quatType&apos; not found in the template declaration" />
 <error level="warning" id="warn_using_directive_in_header" file="C:\Users\Thaon\documents\visual studio 2015\Projects\Ferret\Ferret/GameConstants.h" line="35" col="17" msg="using namespace directive in global context in header" />
 <error level="warning" id="warn_using_directive_in_header" file="C:\Users\Thaon\documents\visual studio 2015\Projects\Ferret\Ferret/cSound.h" line="16" col="17" msg="using namespace directive in global context in header" />
 <error level="warning" id="warn_using_directive_in_header" file="C:\Users\Thaon\documents\visual studio 2015\Projects\Ferret\Ferret/cSoundMgr.h" line="12" col="17" msg="using namespace directive in global context in header" />
 <error level="error" id="err_ovl_no_viable_function_in_call" file="C:\Users\Thaon\documents\visual studio 2015\Projects\Ferret\Ferret\FerretGame.cpp" line="37" col="3" msg="no matching function for call to &apos;MessageBoxW&apos;" />
 <error level="error" id="err_ovl_no_viable_function_in_call" file="C:\Users\Thaon\documents\visual studio 2015\Projects\Ferret\Ferret\FerretGame.cpp" line="44" col="3" msg="no matching function for call to &apos;MessageBoxW&apos;" />
 <error level="error" id="err_ovl_no_viable_function_in_init" file="C:\Users\Thaon\documents\visual studio 2015\Projects\Ferret\Ferret\FerretGame.cpp" line="55" col="16" msg="no matching constructor for initialization of &apos;cFontMgr&apos;" />
 <error level="error" id="err_access_ctor" file="C:\Users\Thaon\documents\visual studio 2015\Projects\Ferret\Ferret\FerretGame.cpp" line="58" col="17" msg="calling a protected constructor of class &apos;cSoundMgr&apos;" />
 <error level="warning" id="warn_decl_shadow" file="C:\Users\Thaon\documents\visual studio 2015\Projects\Ferret\Ferret\FerretGame.cpp" line="61" col="13" msg="declaration shadows a field of &apos;FerretGame&apos;" />
 <error level="warning" id="warn_cxx98_compat_no_newline_eof" file="C:\Users\Thaon\documents\visual studio 2015\Projects\Ferret\Ferret\FerretGame.cpp" line="115" col="2" msg="C++98 requires newline at end of file" />
</log>