<log>
 <error level="warning" id="warn_doc_tparam_not_found" file="C:\Users\Thaon\documents\visual studio 2015\Projects\Ferret\Ferret\include\glm/detail/func_geometric.hpp" line="69" col="14" msg="template parameter &apos;genType&apos; not found in the template declaration" />
 <error level="warning" id="warn_doc_tparam_not_found" file="C:\Users\Thaon\documents\visual studio 2015\Projects\Ferret\Ferret\include\glm/detail/func_geometric.hpp" line="91" col="14" msg="template parameter &apos;valType&apos; not found in the template declaration" />
 <error level="warning" id="warn_doc_tparam_not_found" file="C:\Users\Thaon\documents\visual studio 2015\Projects\Ferret\Ferret\include\glm/detail/func_geometric.hpp" line="136" col="14" msg="template parameter &apos;genType&apos; not found in the template declaration" />
 <error level="warning" id="warn_doc_tparam_not_found" file="C:\Users\Thaon\documents\visual studio 2015\Projects\Ferret\Ferret\include\glm/detail/func_matrix.hpp" line="136" col="14" msg="template parameter &apos;matType&apos; not found in the template declaration" />
 <error level="warning" id="warn_doc_tparam_not_found" file="C:\Users\Thaon\documents\visual studio 2015\Projects\Ferret\Ferret\include\glm/detail/func_matrix.hpp" line="158" col="14" msg="template parameter &apos;valType&apos; not found in the template declaration" />
 <error level="warning" id="warn_doc_tparam_not_found" file="C:\Users\Thaon\documents\visual studio 2015\Projects\Ferret\Ferret\include\glm/detail/func_matrix.hpp" line="167" col="14" msg="template parameter &apos;valType&apos; not found in the template declaration" />
 <error level="warning" id="warn_doc_param_not_found" file="C:\Users\Thaon\documents\visual studio 2015\Projects\Ferret\Ferret\include\glm\gtc\matrix_transform.hpp" line="163" col="13" msg="parameter &apos;near&apos; not found in the function declaration" />
 <error level="warning" id="warn_doc_param_not_found" file="C:\Users\Thaon\documents\visual studio 2015\Projects\Ferret\Ferret\include\glm\gtc\matrix_transform.hpp" line="164" col="13" msg="parameter &apos;far&apos; not found in the function declaration" />
 <error level="warning" id="warn_doc_param_not_found" file="C:\Users\Thaon\documents\visual studio 2015\Projects\Ferret\Ferret\include\glm\gtc\matrix_transform.hpp" line="180" col="13" msg="parameter &apos;near&apos; not found in the function declaration" />
 <error level="warning" id="warn_doc_param_not_found" file="C:\Users\Thaon\documents\visual studio 2015\Projects\Ferret\Ferret\include\glm\gtc\matrix_transform.hpp" line="181" col="13" msg="parameter &apos;far&apos; not found in the function declaration" />
 <error level="warning" id="warn_doc_param_not_found" file="C:\Users\Thaon\documents\visual studio 2015\Projects\Ferret\Ferret\include\glm\gtc\matrix_transform.hpp" line="196" col="13" msg="parameter &apos;near&apos; not found in the function declaration" />
 <error level="warning" id="warn_doc_param_not_found" file="C:\Users\Thaon\documents\visual studio 2015\Projects\Ferret\Ferret\include\glm\gtc\matrix_transform.hpp" line="197" col="13" msg="parameter &apos;far&apos; not found in the function declaration" />
 <error level="warning" id="warn_doc_param_not_found" file="C:\Users\Thaon\documents\visual studio 2015\Projects\Ferret\Ferret\include\glm\gtc\matrix_transform.hpp" line="212" col="13" msg="parameter &apos;near&apos; not found in the function declaration" />
 <error level="warning" id="warn_doc_param_not_found" file="C:\Users\Thaon\documents\visual studio 2015\Projects\Ferret\Ferret\include\glm\gtc\matrix_transform.hpp" line="223" col="13" msg="parameter &apos;near&apos; not found in the function declaration" />
 <error level="warning" id="warn_doc_tparam_not_found" file="C:\Users\Thaon\documents\visual studio 2015\Projects\Ferret\Ferret\include\glm\gtc\quaternion.hpp" line="345" col="14" msg="template parameter &apos;quatType&apos; not found in the template declaration" />
 <error level="warning" id="warn_doc_tparam_not_found" file="C:\Users\Thaon\documents\visual studio 2015\Projects\Ferret\Ferret\include\glm\gtc\quaternion.hpp" line="355" col="14" msg="template parameter &apos;quatType&apos; not found in the template declaration" />
 <error level="warning" id="warn_doc_tparam_not_found" file="C:\Users\Thaon\documents\visual studio 2015\Projects\Ferret\Ferret\include\glm\gtc\quaternion.hpp" line="365" col="14" msg="template parameter &apos;quatType&apos; not found in the template declaration" />
 <error level="warning" id="warn_doc_tparam_not_found" file="C:\Users\Thaon\documents\visual studio 2015\Projects\Ferret\Ferret\include\glm\gtc\quaternion.hpp" line="375" col="14" msg="template parameter &apos;quatType&apos; not found in the template declaration" />
 <error level="warning" id="warn_doc_tparam_not_found" file="C:\Users\Thaon\documents\visual studio 2015\Projects\Ferret\Ferret\include\glm\gtc\quaternion.hpp" line="385" col="14" msg="template parameter &apos;quatType&apos; not found in the template declaration" />
 <error level="warning" id="warn_doc_tparam_not_found" file="C:\Users\Thaon\documents\visual studio 2015\Projects\Ferret\Ferret\include\glm\gtc\quaternion.hpp" line="395" col="14" msg="template parameter &apos;quatType&apos; not found in the template declaration" />
 <error level="warning" id="warn_using_directive_in_header" file="C:\Users\Thaon\documents\visual studio 2015\Projects\Ferret\Ferret/GameConstants.h" line="35" col="17" msg="using namespace directive in global context in header" />
 <error level="warning" id="warn_non_virtual_dtor" file="C:\Users\Thaon\documents\visual studio 2015\Projects\Ferret\Ferret\RocketBehaviour.cpp" line="3" col="7" msg="&apos;RocketBehaviour&apos; has virtual functions but non-virtual destructor" />
 <error level="error" id="err_implicit_object_parameter_init" file="C:\Users\Thaon\documents\visual studio 2015\Projects\Ferret\Ferret\RocketBehaviour.cpp" line="7" col="3" msg="cannot initialize object parameter of type &apos;BehaviourComponent&apos; with an expression of type &apos;RocketBehaviour&apos;" />
 <error level="error" id="err_implicit_object_parameter_init" file="C:\Users\Thaon\documents\visual studio 2015\Projects\Ferret\Ferret\RocketBehaviour.cpp" line="12" col="7" msg="cannot initialize object parameter of type &apos;BehaviourComponent&apos; with an expression of type &apos;RocketBehaviour&apos;" />
 <error level="error" id="err_implicit_object_parameter_init" file="C:\Users\Thaon\documents\visual studio 2015\Projects\Ferret\Ferret\RocketBehaviour.cpp" line="14" col="4" msg="cannot initialize object parameter of type &apos;BehaviourComponent&apos; with an expression of type &apos;RocketBehaviour&apos;" />
 <error level="error" id="err_implicit_object_parameter_init" file="C:\Users\Thaon\documents\visual studio 2015\Projects\Ferret\Ferret\RocketBehaviour.cpp" line="16" col="7" msg="cannot initialize object parameter of type &apos;BehaviourComponent&apos; with an expression of type &apos;RocketBehaviour&apos;" />
 <error level="error" id="err_implicit_object_parameter_init" file="C:\Users\Thaon\documents\visual studio 2015\Projects\Ferret\Ferret\RocketBehaviour.cpp" line="18" col="4" msg="cannot initialize object parameter of type &apos;BehaviourComponent&apos; with an expression of type &apos;RocketBehaviour&apos;" />
 <error level="warning" id="warn_unused_parameter" file="C:\Users\Thaon\documents\visual studio 2015\Projects\Ferret\Ferret\RocketBehaviour.cpp" line="10" col="28" msg="unused parameter &apos;deltaTime&apos;" />
 <error level="error" id="err_implicit_object_parameter_init" file="C:\Users\Thaon\documents\visual studio 2015\Projects\Ferret\Ferret\RocketBehaviour.cpp" line="24" col="3" msg="cannot initialize object parameter of type &apos;BehaviourComponent&apos; with an expression of type &apos;RocketBehaviour&apos;" />
 <error level="warning" id="warn_unused_parameter" file="C:\Users\Thaon\documents\visual studio 2015\Projects\Ferret\Ferret\RocketBehaviour.cpp" line="22" col="40" msg="unused parameter &apos;other&apos;" />
 <error level="warning" id="warn_cxx98_compat_no_newline_eof" file="C:\Users\Thaon\documents\visual studio 2015\Projects\Ferret\Ferret\RocketBehaviour.cpp" line="26" col="3" msg="C++98 requires newline at end of file" />
</log>