<?xml version="1.0" encoding="UTF-8"?><results version="2">    <cppcheck version="1.69"/>    <errors>        <error id="noConstructor" severity="style" msg="The class &apos;BehaviourComponent&apos; does not have a constructor." verbose="The class &apos;BehaviourComponent&apos; does not have a constructor although it has private member variables. Member variables of builtin types are left uninitialized when the class is instantiated. That may cause bugs or undefined behavior.">            <location file="C:\Users\Thaon\documents\visual studio 2015\Projects\Ferret\Ferret\BehaviourComponent.h" line="12"/>        </error>        <error id="noExplicitConstructor" severity="style" msg="Class &apos;cTexture&apos; has a constructor with 1 argument that is not explicit." verbose="Class &apos;cTexture&apos; has a constructor with 1 argument that is not explicit. Such constructors should in general be explicit for type safety reasons. Using the explicit keyword in the constructor means some mistakes when using the class can be avoided.">            <location file="C:\Users\Thaon\documents\visual studio 2015\Projects\Ferret\Ferret\cTexture.h" line="24"/>        </error>        <error id="noExplicitConstructor" severity="style" msg="Class &apos;cFontMgr&apos; has a constructor with 1 argument that is not explicit." verbose="Class &apos;cFontMgr&apos; has a constructor with 1 argument that is not explicit. Such constructors should in general be explicit for type safety reasons. Using the explicit keyword in the constructor means some mistakes when using the class can be avoided.">            <location file="C:\Users\Thaon\documents\visual studio 2015\Projects\Ferret\Ferret\cFontMgr.h" line="22"/>        </error>        <error id="unusedFunction" severity="style" msg="The function &apos;Start&apos; is never used." verbose="The function &apos;Start&apos; is never used.">            <location file="C:\Users\Thaon\documents\visual studio 2015\Projects\Ferret\Ferret\HelloBehaviour.cpp" line="7"/>        </error>        <error id="missingInclude" severity="information" msg="Cppcheck cannot find all the include files (use --check-config for details)" verbose="Cppcheck cannot find all the include files. Cppcheck can check the code without the include files found. But the results will probably be more accurate if all the include files are found. Please check your project&apos;s include directories and add all of them as include directories for Cppcheck. To see what files Cppcheck cannot find use --check-config."/>    </errors></results>